[2025-01-23 00:01:47] [INFO] [register_handler.php:58] تم الاتصال بقاعدة البيانات بنجاح 
[2025-01-23 00:01:47] [INFO] [register_handler.php:330] بدء معالجة طلب تسجيل جديد {"data":{"csrf_token":"13602449dc45d175a51cd4d1f4bcf68f1953c7981cb1f7269a762ed89ab8ca8a","username":"user1","full_name":"user name 1","email":"esmail@alnokhbah.sa","password":"********","confirm_password":"********"}}
[2025-01-23 00:01:47] [INFO] [register_handler.php:107] تم بدء معاملة جديدة 
[2025-01-23 00:01:47] [INFO] [register_handler.php:298] محاولة إدراج مستخدم جديد {"sql":"\n                INSERT INTO users (\n                    username, \n                    password, \n                    full_name, \n                    email, \n                    created_at,\n                    status,\n                    role_id,\n                    phone,\n                    avatar\n                ) VALUES (\n                    :username,\n                    :password,\n                    :full_name,\n                    :email,\n                    NOW(),\n                    'نشط',\n                    4,\n                    NULL,\n                    NULL\n                )\n            ","params":{"username":"user1","password":"********","full_name":"user name 1","email":"esmail@alnokhbah.sa"}}
[2025-01-23 00:01:47] [INFO] [register_handler.php:121] تم تأكيد المعاملة بنجاح 
[2025-01-23 00:01:47] [INFO] [register_handler.php:316] تم تسجيل المستخدم بنجاح: user1 {"username":"user1"}
[2025-01-23 00:01:47] [INFO] [register_handler.php:392] تم إكمال عملية التسجيل بنجاح للمستخدم: user1 {"username":"user1"}
[2025-01-23 00:02:08] [INFO] [forgot_password_handler.php:72] تم الاتصال بقاعدة البيانات بنجاح 
[2025-01-23 00:02:08] [INFO] [forgot_password_handler.php:115] التحقق من وجود البريد الإلكتروني {"email":"esmail@alnokhbah.sa","exists":true}
[2025-01-23 00:02:08] [INFO] [forgot_password_handler.php:155] حفظ رمز إعادة التعيين {"email":"esmail@alnokhbah.sa","success":true}
[2025-01-23 00:02:11] [ERROR] [forgot_password_handler.php:181] خطأ في إرسال بريد إعادة التعيين: فشل في إرسال بريد إعادة تعيين كلمة المرور: SMTP Error: Could not authenticate. {"message":"فشل في إرسال بريد إعادة تعيين كلمة المرور: SMTP Error: Could not authenticate.","email":"esmail@alnokhbah.sa"}
[2025-01-23 00:06:00] [INFO] [forgot_password_handler.php:72] تم الاتصال بقاعدة البيانات بنجاح 
[2025-01-23 00:06:00] [INFO] [forgot_password_handler.php:115] التحقق من وجود البريد الإلكتروني {"email":"esmail@alnokhbah.sa","exists":true}
[2025-01-23 00:06:00] [INFO] [forgot_password_handler.php:155] حفظ رمز إعادة التعيين {"email":"esmail@alnokhbah.sa","success":true}
[2025-01-23 00:06:03] [ERROR] [forgot_password_handler.php:181] خطأ في إرسال بريد إعادة التعيين: فشل في إرسال بريد إعادة تعيين كلمة المرور: SMTP Error: Could not authenticate. {"message":"فشل في إرسال بريد إعادة تعيين كلمة المرور: SMTP Error: Could not authenticate.","email":"esmail@alnokhbah.sa"}
[2025-01-23 00:08:12] [INFO] [forgot_password_handler.php:75] تم الاتصال بقاعدة البيانات بنجاح 
[2025-01-23 00:08:12] [INFO] [forgot_password_handler.php:118] التحقق من وجود البريد الإلكتروني {"email":"esmail@alnokhbah.sa","exists":true}
[2025-01-23 00:08:12] [INFO] [forgot_password_handler.php:158] حفظ رمز إعادة التعيين {"email":"esmail@alnokhbah.sa","success":true}
[2025-01-23 00:08:15] [ERROR] [forgot_password_handler.php:184] خطأ في إرسال بريد إعادة التعيين: فشل في إرسال بريد إعادة تعيين كلمة المرور: SMTP Error: Could not authenticate. {"message":"فشل في إرسال بريد إعادة تعيين كلمة المرور: SMTP Error: Could not authenticate.","email":"esmail@alnokhbah.sa"}
[2025-01-23 00:23:09] [INFO] [forgot_password_handler.php:75] تم الاتصال بقاعدة البيانات بنجاح 
[2025-01-23 00:23:09] [INFO] [forgot_password_handler.php:118] التحقق من وجود البريد الإلكتروني {"email":"esmail@alnokhbah.sa","exists":true}
[2025-01-23 00:23:09] [INFO] [forgot_password_handler.php:158] حفظ رمز إعادة التعيين {"email":"esmail@alnokhbah.sa","success":true}
[2025-01-23 00:23:10] [ERROR] [forgot_password_handler.php:184] خطأ في إرسال بريد إعادة التعيين: فشل في إرسال بريد إعادة تعيين كلمة المرور: SMTP Error: Could not authenticate. {"message":"فشل في إرسال بريد إعادة تعيين كلمة المرور: SMTP Error: Could not authenticate.","email":"esmail@alnokhbah.sa"}
[2025-01-23 00:26:22] [INFO] [forgot_password_handler.php:78] تم الاتصال بقاعدة البيانات بنجاح 
[2025-01-23 00:26:22] [INFO] [forgot_password_handler.php:121] التحقق من وجود البريد الإلكتروني {"email":"esmail@alnokhbah.sa","exists":true}
[2025-01-23 00:26:22] [INFO] [forgot_password_handler.php:161] حفظ رمز إعادة التعيين {"email":"esmail@alnokhbah.sa","success":true}
[2025-01-23 00:26:25] [ERROR] [forgot_password_handler.php:187] خطأ في إرسال بريد إعادة التعيين: فشل في إرسال بريد إعادة تعيين كلمة المرور: SMTP Error: Could not authenticate. {"message":"فشل في إرسال بريد إعادة تعيين كلمة المرور: SMTP Error: Could not authenticate.","email":"esmail@alnokhbah.sa"}
[2025-01-23 00:28:39] [INFO] [forgot_password_handler.php:78] تم الاتصال بقاعدة البيانات بنجاح 
[2025-01-23 00:28:39] [INFO] [forgot_password_handler.php:121] التحقق من وجود البريد الإلكتروني {"email":"esmail@alnokhbah.sa","exists":true}
[2025-01-23 00:28:40] [INFO] [forgot_password_handler.php:161] حفظ رمز إعادة التعيين {"email":"esmail@alnokhbah.sa","success":true}
[2025-01-23 00:28:42] [ERROR] [forgot_password_handler.php:187] خطأ في إرسال بريد إعادة التعيين: فشل في إرسال بريد إعادة تعيين كلمة المرور: SMTP Error: Could not authenticate. {"message":"فشل في إرسال بريد إعادة تعيين كلمة المرور: SMTP Error: Could not authenticate.","email":"esmail@alnokhbah.sa"}
[2025-01-23 00:41:16] [INFO] [forgot_password_handler.php:78] تم الاتصال بقاعدة البيانات بنجاح 
[2025-01-23 00:41:16] [INFO] [forgot_password_handler.php:121] التحقق من وجود البريد الإلكتروني {"email":"esmail@alnokhbah.sa","exists":true}
[2025-01-23 00:41:16] [INFO] [forgot_password_handler.php:161] حفظ رمز إعادة التعيين {"email":"esmail@alnokhbah.sa","success":true}
[2025-01-23 00:41:19] [ERROR] [forgot_password_handler.php:187] خطأ في إرسال بريد إعادة التعيين: فشل في إرسال بريد إعادة تعيين كلمة المرور: SMTP Error: Could not authenticate. {"message":"فشل في إرسال بريد إعادة تعيين كلمة المرور: SMTP Error: Could not authenticate.","email":"esmail@alnokhbah.sa"}
[2025-01-23 13:22:23] [INFO] [register_handler.php:58] تم الاتصال بقاعدة البيانات بنجاح 
[2025-01-23 13:22:23] [INFO] [register_handler.php:330] بدء معالجة طلب تسجيل جديد {"data":{"csrf_token":"7266d4f290f6d7993449709edd35560c57652dd24910a2b94d420ae73e37f859","name":"ali","email":"ali@gmail.com","phone":"050005949","password":"********","confirm_password":"********"}}
[2025-01-23 13:22:23] [WARNING] [register_handler.php:358] فشل التحقق من صحة البيانات {"errors":{"username":"حقل اسم المستخدم مطلوب","password":"كلمة المرور يجب أن تحتوي على 8 حروف على الأقل، وتتضمن حروف كبيرة وصغيرة، وأرقام، ورموز","full_name":"حقل الاسم الكامل مطلوب"}}
[2025-01-23 13:22:43] [INFO] [register_handler.php:58] تم الاتصال بقاعدة البيانات بنجاح 
[2025-01-23 13:22:43] [INFO] [register_handler.php:330] بدء معالجة طلب تسجيل جديد {"data":{"csrf_token":"7266d4f290f6d7993449709edd35560c57652dd24910a2b94d420ae73e37f859","name":"ali","email":"ali@gmail.com","phone":"050005949","password":"********","confirm_password":"********"}}
[2025-01-23 13:22:43] [WARNING] [register_handler.php:358] فشل التحقق من صحة البيانات {"errors":{"username":"حقل اسم المستخدم مطلوب","full_name":"حقل الاسم الكامل مطلوب"}}
[2025-01-23 13:23:02] [INFO] [register_handler.php:58] تم الاتصال بقاعدة البيانات بنجاح 
[2025-01-23 13:23:02] [INFO] [register_handler.php:330] بدء معالجة طلب تسجيل جديد {"data":{"csrf_token":"7266d4f290f6d7993449709edd35560c57652dd24910a2b94d420ae73e37f859","name":"ali","email":"ali@gmail.com","phone":"050005949","password":"********","confirm_password":"********"}}
[2025-01-23 13:23:02] [WARNING] [register_handler.php:358] فشل التحقق من صحة البيانات {"errors":{"username":"حقل اسم المستخدم مطلوب","full_name":"حقل الاسم الكامل مطلوب"}}
[2025-01-23 13:24:09] [INFO] [register_handler.php:58] تم الاتصال بقاعدة البيانات بنجاح 
[2025-01-23 13:24:09] [INFO] [register_handler.php:330] بدء معالجة طلب تسجيل جديد {"data":{"csrf_token":"7266d4f290f6d7993449709edd35560c57652dd24910a2b94d420ae73e37f859","name":"ali","email":"ali@gmail.com","phone":"050005949","password":"********","confirm_password":"********"}}
[2025-01-23 13:24:09] [WARNING] [register_handler.php:358] فشل التحقق من صحة البيانات {"errors":{"username":"حقل اسم المستخدم مطلوب","full_name":"حقل الاسم الكامل مطلوب"}}
[2025-01-23 13:24:36] [INFO] [register_handler.php:58] تم الاتصال بقاعدة البيانات بنجاح 
[2025-01-23 13:24:36] [INFO] [register_handler.php:330] بدء معالجة طلب تسجيل جديد {"data":{"csrf_token":"7266d4f290f6d7993449709edd35560c57652dd24910a2b94d420ae73e37f859","name":"ali","email":"ali@gmail.com","phone":"030303","password":"********","confirm_password":"********"}}
[2025-01-23 13:24:36] [WARNING] [register_handler.php:358] فشل التحقق من صحة البيانات {"errors":{"username":"حقل اسم المستخدم مطلوب","full_name":"حقل الاسم الكامل مطلوب"}}
[2025-01-23 13:24:55] [INFO] [register_handler.php:58] تم الاتصال بقاعدة البيانات بنجاح 
[2025-01-23 13:24:55] [INFO] [register_handler.php:330] بدء معالجة طلب تسجيل جديد {"data":{"csrf_token":"7266d4f290f6d7993449709edd35560c57652dd24910a2b94d420ae73e37f859","name":"ali","email":"ali@gmail.com","phone":"030303","password":"********","confirm_password":"********"}}
[2025-01-23 13:24:55] [WARNING] [register_handler.php:358] فشل التحقق من صحة البيانات {"errors":{"username":"حقل اسم المستخدم مطلوب","full_name":"حقل الاسم الكامل مطلوب"}}
[2025-01-23 13:24:57] [INFO] [register_handler.php:58] تم الاتصال بقاعدة البيانات بنجاح 
[2025-01-23 13:24:57] [INFO] [register_handler.php:330] بدء معالجة طلب تسجيل جديد {"data":{"csrf_token":"7266d4f290f6d7993449709edd35560c57652dd24910a2b94d420ae73e37f859","name":"ali","email":"ali@gmail.com","phone":"030303","password":"********","confirm_password":"********"}}
[2025-01-23 13:24:57] [WARNING] [register_handler.php:358] فشل التحقق من صحة البيانات {"errors":{"username":"حقل اسم المستخدم مطلوب","full_name":"حقل الاسم الكامل مطلوب"}}
[2025-01-23 13:24:57] [INFO] [register_handler.php:58] تم الاتصال بقاعدة البيانات بنجاح 
[2025-01-23 13:24:57] [INFO] [register_handler.php:330] بدء معالجة طلب تسجيل جديد {"data":{"csrf_token":"7266d4f290f6d7993449709edd35560c57652dd24910a2b94d420ae73e37f859","name":"ali","email":"ali@gmail.com","phone":"030303","password":"********","confirm_password":"********"}}
[2025-01-23 13:24:57] [WARNING] [register_handler.php:358] فشل التحقق من صحة البيانات {"errors":{"username":"حقل اسم المستخدم مطلوب","full_name":"حقل الاسم الكامل مطلوب"}}
