[2024-12-30 09:05:28] خطأ في التحقق من الصلاحيات: SQLSTATE[42S02]: Base table or view not found: 1146 Table 'rental_db.user_permissions' doesn't exist {"user_id":1,"permission":"view_revenues"}
[2024-12-30 09:07:16] خطأ في التحقق من الصلاحيات: SQLSTATE[42S02]: Base table or view not found: 1146 Table 'rental_db.user_permissions' doesn't exist {"user_id":1,"permission":"view_revenues"}
[2024-12-30 09:07:28] خطأ في التحقق من الصلاحيات: SQLSTATE[42S02]: Base table or view not found: 1146 Table 'rental_db.user_permissions' doesn't exist {"user_id":1,"permission":"view_revenues"}
[2024-12-30 09:18:02] خطأ في التحقق من الصلاحيات: SQLSTATE[42S02]: Base table or view not found: 1146 Table 'rental_db.user_permissions' doesn't exist {"user_id":1,"permission":"view_users"}
[2024-12-30 09:30:11] خطأ في التحقق من الصلاحيات: SQLSTATE[42S02]: Base table or view not found: 1146 Table 'rental_db.user_permissions' doesn't exist {"user_id":1,"permission":"view_revenues"}
[2024-12-30 09:34:16] خطأ في التحقق من الصلاحيات: SQLSTATE[42S02]: Base table or view not found: 1146 Table 'rental_db.user_permissions' doesn't exist {"user_id":1,"permission":"view_revenues"}
[2024-12-30 09:35:42] خطأ في التحقق من الصلاحيات: SQLSTATE[42S02]: Base table or view not found: 1146 Table 'rental_db.user_permissions' doesn't exist {"user_id":1,"permission":"view_revenues"}
[2024-12-30 09:50:48] خطأ في جلب الصلاحيات: SQLSTATE[42S02]: Base table or view not found: 1146 Table 'rental_db.permissions' doesn't exist {"user_id":1}
[2024-12-30 09:56:20] خطأ في جلب الصلاحيات: SQLSTATE[42S02]: Base table or view not found: 1146 Table 'rental_db.permissions' doesn't exist {"user_id":1}
[2024-12-30 11:02:01] خطأ في جلب بيانات الإيرادات: SQLSTATE[42S22]: Column not found: 1054 Unknown column 'u.user_name' in 'field list' 
[2024-12-30 11:03:00] خطأ في جلب بيانات الإيرادات: SQLSTATE[42S22]: Column not found: 1054 Unknown column 'u.user_name' in 'field list' 
[2024-12-30 11:03:09] خطأ في جلب بيانات الإيرادات: SQLSTATE[42S22]: Column not found: 1054 Unknown column 'u.user_name' in 'field list' 
[2024-12-30 11:03:15] خطأ في جلب بيانات الإيرادات: SQLSTATE[42S22]: Column not found: 1054 Unknown column 'u.user_name' in 'field list' 
[2024-12-30 11:08:47] خطأ في جلب بيانات الإيرادات: SQLSTATE[42S22]: Column not found: 1054 Unknown column 'u.user_name' in 'field list' 
[2024-12-30 11:09:01] خطأ في جلب بيانات الإيرادات: SQLSTATE[42S22]: Column not found: 1054 Unknown column 'u.user_name' in 'field list' 
[2025-01-24 23:07:10] خطأ في معالجة المستخدم: SQLSTATE[23000]: Integrity constraint violation: 1451 Cannot delete or update a parent row: a foreign key constraint fails (`u402628076_sarh`.`login_attempts`, CONSTRAINT `login_attempts_ibfk_1` FOREIGN KEY (`user_id`) REFERENCES `users` (`user_id`)) {"action":"delete","user_id":17,"post_data":{"action":"delete","user_id":"17","csrf_token":"2d593d6200a3e2edc6e6282cccc35276ada6d20b5a9f394a7bf28aee17096c37"}}
[2025-01-24 23:07:17] خطأ في معالجة المستخدم: SQLSTATE[23000]: Integrity constraint violation: 1451 Cannot delete or update a parent row: a foreign key constraint fails (`u402628076_sarh`.`login_attempts`, CONSTRAINT `login_attempts_ibfk_1` FOREIGN KEY (`user_id`) REFERENCES `users` (`user_id`)) {"action":"delete","user_id":17,"post_data":{"action":"delete","user_id":"17","csrf_token":"2d593d6200a3e2edc6e6282cccc35276ada6d20b5a9f394a7bf28aee17096c37"}}
[2025-01-24 23:08:08] خطأ في معالجة المستخدم: SQLSTATE[23000]: Integrity constraint violation: 1451 Cannot delete or update a parent row: a foreign key constraint fails (`u402628076_sarh`.`login_attempts`, CONSTRAINT `login_attempts_ibfk_1` FOREIGN KEY (`user_id`) REFERENCES `users` (`user_id`)) {"action":"delete","user_id":17,"post_data":{"action":"delete","user_id":"17","csrf_token":"2d593d6200a3e2edc6e6282cccc35276ada6d20b5a9f394a7bf28aee17096c37"}}
[2025-01-24 23:08:18] خطأ في معالجة المستخدم: SQLSTATE[23000]: Integrity constraint violation: 1451 Cannot delete or update a parent row: a foreign key constraint fails (`u402628076_sarh`.`login_attempts`, CONSTRAINT `login_attempts_ibfk_1` FOREIGN KEY (`user_id`) REFERENCES `users` (`user_id`)) {"action":"delete","user_id":17,"post_data":{"action":"delete","user_id":"17","csrf_token":"2d593d6200a3e2edc6e6282cccc35276ada6d20b5a9f394a7bf28aee17096c37"}}
[2025-01-24 23:11:39] خطأ في معالجة المستخدم: SQLSTATE[23000]: Integrity constraint violation: 1451 Cannot delete or update a parent row: a foreign key constraint fails (`u402628076_sarh`.`login_attempts`, CONSTRAINT `login_attempts_ibfk_1` FOREIGN KEY (`user_id`) REFERENCES `users` (`user_id`)) {"action":"delete","user_id":17,"post_data":{"action":"delete","user_id":"17","csrf_token":"2d593d6200a3e2edc6e6282cccc35276ada6d20b5a9f394a7bf28aee17096c37"}}
